[ 2017-04-27T17:03:35+08:00 ] ::1 /ehview/index.php/Admin/Video
INFO: [ app_init ] --START--
INFO: Run Behavior\BuildLiteBehavior [ RunTime:0.000026s ]
SQL: SHOW COLUMNS FROM `eh_hooks` [ RunTime:0.001156s ]
SQL: SELECT `name`,`addons` FROM `eh_hooks`  [ RunTime:0.000472s ]
SQL: SHOW COLUMNS FROM `eh_addons` [ RunTime:0.000841s ]
SQL: SELECT `id`,`name` FROM `eh_addons` WHERE `status` = 1 AND `name` IN ('ReturnTop')  [ RunTime:0.000371s ]
SQL: SELECT `id`,`name` FROM `eh_addons` WHERE `status` = 1 AND `name` IN ('Editor')  [ RunTime:0.000224s ]
SQL: SELECT `id`,`name` FROM `eh_addons` WHERE `status` = 1 AND `name` IN ('Checkin')  [ RunTime:0.000219s ]
SQL: SELECT `id`,`name` FROM `eh_addons` WHERE `status` = 1 AND `name` IN ('Rank_checkin')  [ RunTime:0.000204s ]
SQL: SELECT `id`,`name` FROM `eh_addons` WHERE `status` = 1 AND `name` IN ('Support')  [ RunTime:0.000198s ]
SQL: SELECT `id`,`name` FROM `eh_addons` WHERE `status` = 1 AND `name` IN ('LocalComment')  [ RunTime:0.000213s ]
SQL: SELECT `id`,`name` FROM `eh_addons` WHERE `status` = 1 AND `name` IN ('SyncLogin')  [ RunTime:0.000245s ]
SQL: SELECT `id`,`name` FROM `eh_addons` WHERE `status` = 1 AND `name` IN ('SyncLogin')  [ RunTime:0.000223s ]
SQL: SELECT `id`,`name` FROM `eh_addons` WHERE `status` = 1 AND `name` IN ('SocialComment')  [ RunTime:0.000219s ]
SQL: SELECT `id`,`name` FROM `eh_addons` WHERE `status` = 1 AND `name` IN ('Avatar')  [ RunTime:0.000193s ]
INFO: Run Common\Behavior\InitHookBehavior [ RunTime:0.034966s ]
INFO: [ app_init ] --END-- [ RunTime:0.035761s ]
INFO: [ app_begin ] --START--
INFO: Run Behavior\ReadHtmlCacheBehavior [ RunTime:0.000729s ]
INFO: [ app_begin ] --END-- [ RunTime:0.000810s ]
SQL: SHOW COLUMNS FROM `eh_config` [ RunTime:0.009208s ]
SQL: SELECT `type`,`name`,`value` FROM `eh_config` WHERE `status` = 1  [ RunTime:0.000420s ]
SQL: SHOW COLUMNS FROM `eh_video` [ RunTime:0.000780s ]
SQL: SELECT COUNT(*) AS tp_count FROM `eh_video` LIMIT 1   [ RunTime:0.000229s ]
NOTIC: [8] Undefined variable: listRows E:\Studio\PHPApplication\ehview\App\Admin\Controller\CommonController.class.php 第 198 行.
SQL: SELECT * FROM `eh_video` ORDER BY `id` desc LIMIT 10,10   [ RunTime:0.000314s ]
NOTIC: [2] Division by zero E:\Studio\PHPApplication\ehview\ThinkPHP\Library\Think\Page.class.php 第 84 行.
INFO: [ view_parse ] --START--
INFO: [ template_filter ] --START--
INFO: Run Behavior\ContentReplaceBehavior [ RunTime:0.000084s ]
INFO: [ template_filter ] --END-- [ RunTime:0.000187s ]
INFO: Run Behavior\ParseTemplateBehavior [ RunTime:0.012644s ]
INFO: [ view_parse ] --END-- [ RunTime:0.012729s ]
INFO: [ view_filter ] --START--
INFO: Run Behavior\WriteHtmlCacheBehavior [ RunTime:0.000497s ]
INFO: [ view_filter ] --END-- [ RunTime:0.000561s ]
INFO: [ app_end ] --START--
INFO: Run Behavior\ShowPageTraceBehavior [ RunTime:0.000767s ]
INFO: [ app_end ] --END-- [ RunTime:0.000833s ]

[ 2017-04-27T17:03:35+08:00 ] ::1 /ehview/index.php?m=Admin&c=Video&a=index
NOTIC: [2] mkdir() [<a href='function.mkdir'>function.mkdir</a>]: File exists E:\Studio\PHPApplication\ehview\ThinkPHP\Library\Think\Build.class.php 第 107 行.
NOTIC: [2] mkdir() [<a href='function.mkdir'>function.mkdir</a>]: File exists E:\Studio\PHPApplication\ehview\ThinkPHP\Library\Think\Build.class.php 第 112 行.
INFO: [ app_init ] --START--
INFO: Run Behavior\BuildLiteBehavior [ RunTime:0.000032s ]
SQL: SHOW COLUMNS FROM `eh_hooks` [ RunTime:0.001164s ]
SQL: SELECT `name`,`addons` FROM `eh_hooks`  [ RunTime:0.000450s ]
SQL: SHOW COLUMNS FROM `eh_addons` [ RunTime:0.000843s ]
SQL: SELECT `id`,`name` FROM `eh_addons` WHERE `status` = 1 AND `name` IN ('ReturnTop')  [ RunTime:0.000394s ]
SQL: SELECT `id`,`name` FROM `eh_addons` WHERE `status` = 1 AND `name` IN ('Editor')  [ RunTime:0.000214s ]
SQL: SELECT `id`,`name` FROM `eh_addons` WHERE `status` = 1 AND `name` IN ('Checkin')  [ RunTime:0.000220s ]
SQL: SELECT `id`,`name` FROM `eh_addons` WHERE `status` = 1 AND `name` IN ('Rank_checkin')  [ RunTime:0.000196s ]
SQL: SELECT `id`,`name` FROM `eh_addons` WHERE `status` = 1 AND `name` IN ('Support')  [ RunTime:0.000208s ]
SQL: SELECT `id`,`name` FROM `eh_addons` WHERE `status` = 1 AND `name` IN ('LocalComment')  [ RunTime:0.000212s ]
SQL: SELECT `id`,`name` FROM `eh_addons` WHERE `status` = 1 AND `name` IN ('SyncLogin')  [ RunTime:0.000230s ]
SQL: SELECT `id`,`name` FROM `eh_addons` WHERE `status` = 1 AND `name` IN ('SyncLogin')  [ RunTime:0.000218s ]
SQL: SELECT `id`,`name` FROM `eh_addons` WHERE `status` = 1 AND `name` IN ('SocialComment')  [ RunTime:0.000209s ]
SQL: SELECT `id`,`name` FROM `eh_addons` WHERE `status` = 1 AND `name` IN ('Avatar')  [ RunTime:0.000192s ]
INFO: Run Common\Behavior\InitHookBehavior [ RunTime:0.035507s ]
INFO: [ app_init ] --END-- [ RunTime:0.035759s ]
INFO: [ app_begin ] --START--
INFO: Run Behavior\ReadHtmlCacheBehavior [ RunTime:0.000682s ]
INFO: [ app_begin ] --END-- [ RunTime:0.000760s ]
SQL: SHOW COLUMNS FROM `eh_video` [ RunTime:0.001135s ]
SQL: SELECT COUNT(*) AS tp_count FROM `eh_video` LIMIT 1   [ RunTime:0.000322s ]
NOTIC: [8] Undefined variable: listRows E:\Studio\PHPApplication\ehview\App\Admin\Controller\CommonController.class.php 第 198 行.
SQL: SELECT * FROM `eh_video` ORDER BY `id` desc LIMIT 10,10   [ RunTime:0.000272s ]
NOTIC: [2] Division by zero E:\Studio\PHPApplication\ehview\ThinkPHP\Library\Think\Page.class.php 第 84 行.
INFO: [ view_parse ] --START--
INFO: [ template_filter ] --START--
INFO: Run Behavior\ContentReplaceBehavior [ RunTime:0.000081s ]
INFO: [ template_filter ] --END-- [ RunTime:0.000162s ]
INFO: Run Behavior\ParseTemplateBehavior [ RunTime:0.010778s ]
INFO: [ view_parse ] --END-- [ RunTime:0.010854s ]
INFO: [ view_filter ] --START--
INFO: Run Behavior\WriteHtmlCacheBehavior [ RunTime:0.000437s ]
INFO: [ view_filter ] --END-- [ RunTime:0.000499s ]
INFO: [ app_end ] --START--
INFO: Run Behavior\ShowPageTraceBehavior [ RunTime:0.000710s ]
INFO: [ app_end ] --END-- [ RunTime:0.000777s ]

[ 2017-04-27T17:03:38+08:00 ] ::1 /ehview/index.php?m=Home&c=Video&a=index
INFO: [ app_init ] --START--
INFO: Run Behavior\BuildLiteBehavior [ RunTime:0.000030s ]
INFO: Run Common\Behavior\InitHookBehavior [ RunTime:0.002405s ]
INFO: [ app_init ] --END-- [ RunTime:0.003052s ]

[ 2017-04-27T17:03:45+08:00 ] ::1 /ehview/index.php?m=Home&c=Video&a=index
INFO: [ app_init ] --START--
INFO: Run Behavior\BuildLiteBehavior [ RunTime:0.000018s ]
INFO: Run Common\Behavior\InitHookBehavior [ RunTime:0.001779s ]
INFO: [ app_init ] --END-- [ RunTime:0.002208s ]

[ 2017-04-27T17:03:47+08:00 ] ::1 /ehview/index.php?m=Home&c=Video&a=index
INFO: [ app_init ] --START--
INFO: Run Behavior\BuildLiteBehavior [ RunTime:0.000018s ]
INFO: Run Common\Behavior\InitHookBehavior [ RunTime:0.002184s ]
INFO: [ app_init ] --END-- [ RunTime:0.002642s ]

[ 2017-04-27T17:04:13+08:00 ] ::1 /ehview/index.php?m=Home&c=Video&a=index
INFO: [ app_init ] --START--
INFO: Run Behavior\BuildLiteBehavior [ RunTime:0.000021s ]
INFO: Run Common\Behavior\InitHookBehavior [ RunTime:0.002289s ]
INFO: [ app_init ] --END-- [ RunTime:0.002831s ]

[ 2017-04-27T17:04:59+08:00 ] ::1 /ehview/index.php?m=Home&c=Video&a=index
INFO: [ app_init ] --START--
INFO: Run Behavior\BuildLiteBehavior [ RunTime:0.000020s ]
INFO: Run Common\Behavior\InitHookBehavior [ RunTime:0.001620s ]
INFO: [ app_init ] --END-- [ RunTime:0.002049s ]

[ 2017-04-27T17:07:17+08:00 ] ::1 /ehview/index.php?m=Home&c=Video&a=index
INFO: [ app_init ] --START--
INFO: Run Behavior\BuildLiteBehavior [ RunTime:0.000020s ]
INFO: Run Common\Behavior\InitHookBehavior [ RunTime:0.002569s ]
INFO: [ app_init ] --END-- [ RunTime:0.003145s ]

[ 2017-04-27T17:07:32+08:00 ] ::1 /ehview/index.php?m=Home&c=Video&a=index
INFO: [ app_init ] --START--
INFO: Run Behavior\BuildLiteBehavior [ RunTime:0.000030s ]
INFO: Run Common\Behavior\InitHookBehavior [ RunTime:0.003423s ]
INFO: [ app_init ] --END-- [ RunTime:0.004172s ]

[ 2017-04-27T17:07:53+08:00 ] ::1 /ehview/index.php?m=Home&c=Video&a=index
INFO: [ app_init ] --START--
INFO: Run Behavior\BuildLiteBehavior [ RunTime:0.000021s ]
INFO: Run Common\Behavior\InitHookBehavior [ RunTime:0.001691s ]
INFO: [ app_init ] --END-- [ RunTime:0.002146s ]

[ 2017-04-27T17:07:55+08:00 ] ::1 /ehview/index.php?m=Home&c=Video&a=index
INFO: [ app_init ] --START--
INFO: Run Behavior\BuildLiteBehavior [ RunTime:0.000029s ]
INFO: Run Common\Behavior\InitHookBehavior [ RunTime:0.002543s ]
INFO: [ app_init ] --END-- [ RunTime:0.003210s ]

[ 2017-04-27T17:07:57+08:00 ] ::1 /ehview/index.php?m=Home&c=Video&a=index
INFO: [ app_init ] --START--
INFO: Run Behavior\BuildLiteBehavior [ RunTime:0.000020s ]
INFO: Run Common\Behavior\InitHookBehavior [ RunTime:0.001715s ]
INFO: [ app_init ] --END-- [ RunTime:0.002170s ]

[ 2017-04-27T17:09:27+08:00 ] ::1 /ehview/index.php?m=Home&c=Video&a=index
INFO: [ app_init ] --START--
INFO: Run Behavior\BuildLiteBehavior [ RunTime:0.000020s ]
INFO: Run Common\Behavior\InitHookBehavior [ RunTime:0.002433s ]
INFO: [ app_init ] --END-- [ RunTime:0.002965s ]

[ 2017-04-27T17:09:27+08:00 ] ::1 /ehview/index.php?m=Home&c=Video&a=index
INFO: [ app_init ] --START--
INFO: Run Behavior\BuildLiteBehavior [ RunTime:0.000017s ]
INFO: Run Common\Behavior\InitHookBehavior [ RunTime:0.001600s ]
INFO: [ app_init ] --END-- [ RunTime:0.002020s ]

[ 2017-04-27T17:09:28+08:00 ] ::1 /ehview/index.php?m=Home&c=Video&a=index
INFO: [ app_init ] --START--
INFO: Run Behavior\BuildLiteBehavior [ RunTime:0.000020s ]
INFO: Run Common\Behavior\InitHookBehavior [ RunTime:0.001648s ]
INFO: [ app_init ] --END-- [ RunTime:0.002081s ]

[ 2017-04-27T17:09:28+08:00 ] ::1 /ehview/index.php?m=Home&c=Video&a=index
INFO: [ app_init ] --START--
INFO: Run Behavior\BuildLiteBehavior [ RunTime:0.000019s ]
INFO: Run Common\Behavior\InitHookBehavior [ RunTime:0.001777s ]
INFO: [ app_init ] --END-- [ RunTime:0.002273s ]

[ 2017-04-27T17:09:28+08:00 ] ::1 /ehview/index.php?m=Home&c=Video&a=index
INFO: [ app_init ] --START--
INFO: Run Behavior\BuildLiteBehavior [ RunTime:0.000018s ]
INFO: Run Common\Behavior\InitHookBehavior [ RunTime:0.001584s ]
INFO: [ app_init ] --END-- [ RunTime:0.001993s ]

[ 2017-04-27T17:09:28+08:00 ] ::1 /ehview/index.php?m=Home&c=Video&a=index
INFO: [ app_init ] --START--
INFO: Run Behavior\BuildLiteBehavior [ RunTime:0.000021s ]
INFO: Run Common\Behavior\InitHookBehavior [ RunTime:0.001736s ]
INFO: [ app_init ] --END-- [ RunTime:0.002246s ]

[ 2017-04-27T17:09:57+08:00 ] ::1 /ehview/index.php?m=Home&c=Video&a=index
INFO: [ app_init ] --START--
INFO: Run Behavior\BuildLiteBehavior [ RunTime:0.000020s ]
INFO: Run Common\Behavior\InitHookBehavior [ RunTime:0.002400s ]
INFO: [ app_init ] --END-- [ RunTime:0.002906s ]

[ 2017-04-27T17:09:57+08:00 ] ::1 /ehview/index.php?m=Home&c=Video&a=index
INFO: [ app_init ] --START--
INFO: Run Behavior\BuildLiteBehavior [ RunTime:0.000029s ]
INFO: Run Common\Behavior\InitHookBehavior [ RunTime:0.002666s ]
INFO: [ app_init ] --END-- [ RunTime:0.003362s ]

[ 2017-04-27T17:09:58+08:00 ] ::1 /ehview/index.php?m=Home&c=Video&a=index
INFO: [ app_init ] --START--
INFO: Run Behavior\BuildLiteBehavior [ RunTime:0.000020s ]
INFO: Run Common\Behavior\InitHookBehavior [ RunTime:0.001623s ]
INFO: [ app_init ] --END-- [ RunTime:0.002069s ]

[ 2017-04-27T17:09:58+08:00 ] ::1 /ehview/index.php?m=Home&c=Video&a=index
INFO: [ app_init ] --START--
INFO: Run Behavior\BuildLiteBehavior [ RunTime:0.000019s ]
INFO: Run Common\Behavior\InitHookBehavior [ RunTime:0.001622s ]
INFO: [ app_init ] --END-- [ RunTime:0.002051s ]

[ 2017-04-27T17:09:58+08:00 ] ::1 /ehview/index.php?m=Home&c=Video&a=index
INFO: [ app_init ] --START--
INFO: Run Behavior\BuildLiteBehavior [ RunTime:0.000025s ]
INFO: Run Common\Behavior\InitHookBehavior [ RunTime:0.002755s ]
INFO: [ app_init ] --END-- [ RunTime:0.003471s ]

[ 2017-04-27T17:09:58+08:00 ] ::1 /ehview/index.php?m=Home&c=Video&a=index
INFO: [ app_init ] --START--
INFO: Run Behavior\BuildLiteBehavior [ RunTime:0.000020s ]
INFO: Run Common\Behavior\InitHookBehavior [ RunTime:0.001775s ]
INFO: [ app_init ] --END-- [ RunTime:0.002245s ]

[ 2017-04-27T17:09:59+08:00 ] ::1 /ehview/index.php?m=Home&c=Video&a=index
INFO: [ app_init ] --START--
INFO: Run Behavior\BuildLiteBehavior [ RunTime:0.000021s ]
INFO: Run Common\Behavior\InitHookBehavior [ RunTime:0.001676s ]
INFO: [ app_init ] --END-- [ RunTime:0.002136s ]

[ 2017-04-27T17:10:04+08:00 ] ::1 /ehview/index.php?m=Home&c=Video&a=index
INFO: [ app_init ] --START--
INFO: Run Behavior\BuildLiteBehavior [ RunTime:0.000029s ]
INFO: Run Common\Behavior\InitHookBehavior [ RunTime:0.002549s ]
INFO: [ app_init ] --END-- [ RunTime:0.003217s ]

[ 2017-04-27T17:10:09+08:00 ] ::1 /ehview/
INFO: [ app_init ] --START--
INFO: Run Behavior\BuildLiteBehavior [ RunTime:0.000018s ]
INFO: Run Common\Behavior\InitHookBehavior [ RunTime:0.002259s ]
INFO: [ app_init ] --END-- [ RunTime:0.002729s ]

[ 2017-04-27T17:10:11+08:00 ] ::1 /ehview/index.php?m=Home&c=Video&a=index
INFO: [ app_init ] --START--
INFO: Run Behavior\BuildLiteBehavior [ RunTime:0.000028s ]
INFO: Run Common\Behavior\InitHookBehavior [ RunTime:0.002063s ]
INFO: [ app_init ] --END-- [ RunTime:0.002624s ]

[ 2017-04-27T17:11:06+08:00 ] ::1 /ehview/index.php?m=Home&c=Video&a=index
INFO: [ app_init ] --START--
INFO: Run Behavior\BuildLiteBehavior [ RunTime:0.000018s ]
INFO: Run Common\Behavior\InitHookBehavior [ RunTime:0.001736s ]
INFO: [ app_init ] --END-- [ RunTime:0.002155s ]

[ 2017-04-27T17:18:56+08:00 ] ::1 /ehview/index.php
INFO: [ app_init ] --START--
INFO: Run Behavior\BuildLiteBehavior [ RunTime:0.000023s ]
INFO: Run Common\Behavior\InitHookBehavior [ RunTime:0.002704s ]
INFO: [ app_init ] --END-- [ RunTime:0.003283s ]

[ 2017-04-27T17:18:57+08:00 ] ::1 /ehview/index.php?m=Home&c=Video&a=index
INFO: [ app_init ] --START--
INFO: Run Behavior\BuildLiteBehavior [ RunTime:0.000019s ]
INFO: Run Common\Behavior\InitHookBehavior [ RunTime:0.001699s ]
INFO: [ app_init ] --END-- [ RunTime:0.002140s ]

[ 2017-04-27T17:18:58+08:00 ] ::1 /ehview/index.php?m=Home&c=Article&a=index
INFO: [ app_init ] --START--
INFO: Run Behavior\BuildLiteBehavior [ RunTime:0.000034s ]
INFO: Run Common\Behavior\InitHookBehavior [ RunTime:0.002584s ]
INFO: [ app_init ] --END-- [ RunTime:0.003206s ]

