[ 2017-05-01T17:17:02+08:00 ] 192.168.1.102 /ehview/
INFO: [ app_init ] --START--
INFO: Run Behavior\BuildLiteBehavior [ RunTime:0.000025s ]
INFO: Run Common\Behavior\InitHookBehavior [ RunTime:0.110602s ]
INFO: [ app_init ] --END-- [ RunTime:0.125097s ]

[ 2017-05-01T17:17:18+08:00 ] 192.168.1.102 /ehview/index.php?m=Home&c=Article&a=article&id=7
INFO: [ app_init ] --START--
INFO: Run Behavior\BuildLiteBehavior [ RunTime:0.000022s ]
INFO: Run Common\Behavior\InitHookBehavior [ RunTime:0.002232s ]
INFO: [ app_init ] --END-- [ RunTime:0.002758s ]

[ 2017-05-01T17:17:28+08:00 ] 192.168.1.102 /ehview/index.php?m=Home&c=Article&a=article&id=3
INFO: [ app_init ] --START--
INFO: Run Behavior\BuildLiteBehavior [ RunTime:0.000022s ]
INFO: Run Common\Behavior\InitHookBehavior [ RunTime:0.002308s ]
INFO: [ app_init ] --END-- [ RunTime:0.002834s ]

[ 2017-05-01T17:17:37+08:00 ] 192.168.1.102 /ehview/index.php?m=Home&c=Article&a=article&id=4
INFO: [ app_init ] --START--
INFO: Run Behavior\BuildLiteBehavior [ RunTime:0.000028s ]
INFO: Run Common\Behavior\InitHookBehavior [ RunTime:0.002174s ]
INFO: [ app_init ] --END-- [ RunTime:0.002763s ]

[ 2017-05-01T17:17:40+08:00 ] 192.168.1.102 /ehview/index.php
INFO: [ app_init ] --START--
INFO: Run Behavior\BuildLiteBehavior [ RunTime:0.000025s ]
INFO: Run Common\Behavior\InitHookBehavior [ RunTime:0.002443s ]
INFO: [ app_init ] --END-- [ RunTime:0.003007s ]

[ 2017-05-01T17:17:45+08:00 ] 192.168.1.102 /ehview/index.php/admin
INFO: [ app_init ] --START--
INFO: Run Behavior\BuildLiteBehavior [ RunTime:0.000026s ]
INFO: Run Common\Behavior\InitHookBehavior [ RunTime:0.001948s ]
INFO: [ app_init ] --END-- [ RunTime:0.002476s ]
INFO: [ app_begin ] --START--
INFO: Run Behavior\ReadHtmlCacheBehavior [ RunTime:0.000569s ]
INFO: [ app_begin ] --END-- [ RunTime:0.000669s ]

[ 2017-05-01T17:17:46+08:00 ] 192.168.1.102 /ehview/index.php?m=Admin&c=Public&a=login
INFO: [ app_init ] --START--
INFO: Run Behavior\BuildLiteBehavior [ RunTime:0.000024s ]
INFO: Run Common\Behavior\InitHookBehavior [ RunTime:0.001667s ]
INFO: [ app_init ] --END-- [ RunTime:0.002146s ]
INFO: [ app_begin ] --START--
INFO: Run Behavior\ReadHtmlCacheBehavior [ RunTime:0.000517s ]
INFO: [ app_begin ] --END-- [ RunTime:0.000600s ]
INFO: [ view_parse ] --START--
INFO: [ template_filter ] --START--
INFO: Run Behavior\ContentReplaceBehavior [ RunTime:0.000125s ]
INFO: [ template_filter ] --END-- [ RunTime:0.000213s ]
INFO: Run Behavior\ParseTemplateBehavior [ RunTime:0.069309s ]
INFO: [ view_parse ] --END-- [ RunTime:0.069410s ]
INFO: [ view_filter ] --START--
INFO: Run Behavior\WriteHtmlCacheBehavior [ RunTime:0.000465s ]
INFO: [ view_filter ] --END-- [ RunTime:0.000537s ]
INFO: [ app_end ] --START--
INFO: Run Behavior\ShowPageTraceBehavior [ RunTime:0.000712s ]
INFO: [ app_end ] --END-- [ RunTime:0.000784s ]

[ 2017-05-01T17:17:46+08:00 ] 192.168.1.102 /ehview/index.php?m=Admin&c=Public&a=verify
INFO: [ app_init ] --START--
INFO: Run Behavior\BuildLiteBehavior [ RunTime:0.000019s ]
INFO: Run Common\Behavior\InitHookBehavior [ RunTime:0.001610s ]
INFO: [ app_init ] --END-- [ RunTime:0.002032s ]
INFO: [ app_begin ] --START--
INFO: Run Behavior\ReadHtmlCacheBehavior [ RunTime:0.000533s ]
INFO: [ app_begin ] --END-- [ RunTime:0.000615s ]
INFO: [ app_end ] --START--
INFO: Run Behavior\ShowPageTraceBehavior [ RunTime:0.000806s ]
INFO: [ app_end ] --END-- [ RunTime:0.000905s ]

[ 2017-05-01T17:17:54+08:00 ] 192.168.1.102 /ehview/index.php?m=Admin&c=Public&a=verify&random=0.6023327698293806
INFO: [ app_init ] --START--
INFO: Run Behavior\BuildLiteBehavior [ RunTime:0.000020s ]
INFO: Run Common\Behavior\InitHookBehavior [ RunTime:0.001682s ]
INFO: [ app_init ] --END-- [ RunTime:0.002264s ]
INFO: [ app_begin ] --START--
INFO: Run Behavior\ReadHtmlCacheBehavior [ RunTime:0.000506s ]
INFO: [ app_begin ] --END-- [ RunTime:0.000631s ]
INFO: [ app_end ] --START--
INFO: Run Behavior\ShowPageTraceBehavior [ RunTime:0.000829s ]
INFO: [ app_end ] --END-- [ RunTime:0.000927s ]

[ 2017-05-01T17:18:01+08:00 ] 192.168.1.102 /ehview/index.php?m=Admin&c=Public&a=checkLogin
INFO: [ app_init ] --START--
INFO: Run Behavior\BuildLiteBehavior [ RunTime:0.000022s ]
INFO: Run Common\Behavior\InitHookBehavior [ RunTime:0.001691s ]
INFO: [ app_init ] --END-- [ RunTime:0.002135s ]
INFO: [ app_begin ] --START--
INFO: Run Behavior\ReadHtmlCacheBehavior [ RunTime:0.000642s ]
INFO: [ app_begin ] --END-- [ RunTime:0.000750s ]
SQL: SHOW COLUMNS FROM `eh_user` [ RunTime:0.014003s ]
SQL: SELECT * FROM `eh_user` WHERE `account` = 'admin' AND `status` > 0 LIMIT 1   [ RunTime:0.000611s ]
SQL: UPDATE `eh_user` SET `last_login_time`=1493630281,`login_count`=login_count+1,`last_login_ip`='192.168.1.102' WHERE `id` = 1 [ RunTime:0.000563s ]
SQL: SHOW COLUMNS FROM `eh_syslogs` [ RunTime:0.032675s ]
SQL: INSERT INTO `eh_syslogs` (`modulename`,`actionname`,`opname`,`message`,`username`,`userid`,`userip`,`create_time`) VALUES ('公共模块','用户登录','用户登录','成功','管理员(admin)',1,'192.168.1.102',1493630281) [ RunTime:0.000398s ]

[ 2017-05-01T17:18:01+08:00 ] 192.168.1.102 /ehview/index.php?m=Admin&c=Index&a=index
INFO: [ app_init ] --START--
INFO: Run Behavior\BuildLiteBehavior [ RunTime:0.000038s ]
INFO: Run Common\Behavior\InitHookBehavior [ RunTime:0.003349s ]
INFO: [ app_init ] --END-- [ RunTime:0.004130s ]
INFO: [ app_begin ] --START--
INFO: Run Behavior\ReadHtmlCacheBehavior [ RunTime:0.000714s ]
INFO: [ app_begin ] --END-- [ RunTime:0.000854s ]
SQL: SHOW COLUMNS FROM `eh_group` [ RunTime:0.013560s ]
SQL: SELECT * FROM `eh_group` WHERE `status` = 1 AND `show` = 1 ORDER BY sort asc  [ RunTime:0.000555s ]
SQL: SHOW COLUMNS FROM `eh_node` [ RunTime:0.017781s ]
SQL: SELECT `id`,`name`,`group_id`,`title`,`remark`,`icon` FROM `eh_node` WHERE `level` = 2 AND `status` = 1 AND `pid` = 1 ORDER BY sort asc  [ RunTime:0.000840s ]
NOTIC: [8] Undefined index: 6 E:\Studio\PHPApplication\ehview\App\Admin\Controller\IndexController.class.php 第 44 行.
NOTIC: [2] Invalid argument supplied for foreach() E:\Studio\PHPApplication\ehview\App\Admin\Controller\IndexController.class.php 第 44 行.
NOTIC: [8] Undefined index: 6 E:\Studio\PHPApplication\ehview\App\Admin\Controller\IndexController.class.php 第 60 行.
NOTIC: [8] Undefined index: 5 E:\Studio\PHPApplication\ehview\App\Admin\Controller\IndexController.class.php 第 44 行.
NOTIC: [2] Invalid argument supplied for foreach() E:\Studio\PHPApplication\ehview\App\Admin\Controller\IndexController.class.php 第 44 行.
NOTIC: [8] Undefined index: 5 E:\Studio\PHPApplication\ehview\App\Admin\Controller\IndexController.class.php 第 60 行.
SQL: SHOW COLUMNS FROM `eh_addons` [ RunTime:0.014310s ]
SQL: SELECT `title`,`name` FROM `eh_addons` WHERE ( status=1 AND has_adminlist=1 )  [ RunTime:0.000360s ]
SQL: SHOW COLUMNS FROM `eh_syslogs` [ RunTime:0.021778s ]
SQL: SELECT * FROM `eh_syslogs` ORDER BY id desc LIMIT 10   [ RunTime:0.000553s ]
INFO: [ view_parse ] --START--
INFO: [ template_filter ] --START--
INFO: Run Behavior\ContentReplaceBehavior [ RunTime:0.000263s ]
INFO: [ template_filter ] --END-- [ RunTime:0.000373s ]
NOTIC: [8] Undefined index: hassub E:\Studio\PHPApplication\ehview\Runtime\App\Cache\Admin\9df924d9a2d217daa77a359c5bee0c33.php 第 208 行.
NOTIC: [8] Undefined index: hassub E:\Studio\PHPApplication\ehview\Runtime\App\Cache\Admin\9df924d9a2d217daa77a359c5bee0c33.php 第 208 行.
NOTIC: [8] Undefined index: hassub E:\Studio\PHPApplication\ehview\Runtime\App\Cache\Admin\9df924d9a2d217daa77a359c5bee0c33.php 第 208 行.
NOTIC: [8] Undefined index: hassub E:\Studio\PHPApplication\ehview\Runtime\App\Cache\Admin\9df924d9a2d217daa77a359c5bee0c33.php 第 208 行.
NOTIC: [8] Undefined index: hassub E:\Studio\PHPApplication\ehview\Runtime\App\Cache\Admin\9df924d9a2d217daa77a359c5bee0c33.php 第 208 行.
NOTIC: [8] Undefined index: hassub E:\Studio\PHPApplication\ehview\Runtime\App\Cache\Admin\9df924d9a2d217daa77a359c5bee0c33.php 第 208 行.
NOTIC: [8] Undefined index: hassub E:\Studio\PHPApplication\ehview\Runtime\App\Cache\Admin\9df924d9a2d217daa77a359c5bee0c33.php 第 208 行.
NOTIC: [8] Undefined index: hassub E:\Studio\PHPApplication\ehview\Runtime\App\Cache\Admin\9df924d9a2d217daa77a359c5bee0c33.php 第 208 行.
NOTIC: [8] Undefined index: hassub E:\Studio\PHPApplication\ehview\Runtime\App\Cache\Admin\9df924d9a2d217daa77a359c5bee0c33.php 第 208 行.
NOTIC: [8] Undefined index: hassub E:\Studio\PHPApplication\ehview\Runtime\App\Cache\Admin\9df924d9a2d217daa77a359c5bee0c33.php 第 208 行.
NOTIC: [8] Undefined index: hassub E:\Studio\PHPApplication\ehview\Runtime\App\Cache\Admin\9df924d9a2d217daa77a359c5bee0c33.php 第 208 行.
NOTIC: [8] Undefined index: hassub E:\Studio\PHPApplication\ehview\Runtime\App\Cache\Admin\9df924d9a2d217daa77a359c5bee0c33.php 第 208 行.
NOTIC: [8] Undefined index: hassub E:\Studio\PHPApplication\ehview\Runtime\App\Cache\Admin\9df924d9a2d217daa77a359c5bee0c33.php 第 208 行.
NOTIC: [8] Undefined index: icon E:\Studio\PHPApplication\ehview\Runtime\App\Cache\Admin\9df924d9a2d217daa77a359c5bee0c33.php 第 211 行.
NOTIC: [8] Undefined index: icon E:\Studio\PHPApplication\ehview\Runtime\App\Cache\Admin\9df924d9a2d217daa77a359c5bee0c33.php 第 211 行.
NOTIC: [8] Undefined index: icon E:\Studio\PHPApplication\ehview\Runtime\App\Cache\Admin\9df924d9a2d217daa77a359c5bee0c33.php 第 211 行.
NOTIC: [8] Undefined index: hassub E:\Studio\PHPApplication\ehview\Runtime\App\Cache\Admin\9df924d9a2d217daa77a359c5bee0c33.php 第 208 行.
SQL: SHOW COLUMNS FROM `eh_role_user` [ RunTime:0.014438s ]
SQL: SELECT * FROM `eh_role_user` WHERE ( user_id=1 ) LIMIT 1   [ RunTime:0.000490s ]
SQL: SHOW COLUMNS FROM `eh_role` [ RunTime:0.014658s ]
SQL: SELECT `id`,`name` FROM `eh_role`  [ RunTime:0.000292s ]
INFO: Run Behavior\ParseTemplateBehavior [ RunTime:0.145968s ]
INFO: [ view_parse ] --END-- [ RunTime:0.146068s ]
INFO: [ view_filter ] --START--
INFO: Run Behavior\WriteHtmlCacheBehavior [ RunTime:0.000534s ]
INFO: [ view_filter ] --END-- [ RunTime:0.000600s ]
INFO: [ app_end ] --START--
INFO: Run Behavior\ShowPageTraceBehavior [ RunTime:0.000824s ]
INFO: [ app_end ] --END-- [ RunTime:0.000923s ]

[ 2017-05-01T17:18:05+08:00 ] 192.168.1.102 /ehview/index.php?m=Admin&c=Video&a=index&_=1493630285120
INFO: [ app_init ] --START--
INFO: Run Behavior\BuildLiteBehavior [ RunTime:0.000031s ]
INFO: Run Common\Behavior\InitHookBehavior [ RunTime:0.003214s ]
INFO: [ app_init ] --END-- [ RunTime:0.003938s ]
INFO: [ app_begin ] --START--
INFO: Run Behavior\ReadHtmlCacheBehavior [ RunTime:0.000863s ]
INFO: [ app_begin ] --END-- [ RunTime:0.000979s ]
SQL: SHOW COLUMNS FROM `eh_video` [ RunTime:0.001385s ]
NOTIC: [8] Undefined variable: order E:\Studio\PHPApplication\ehview\App\Admin\Controller\CommonController.class.php 第 177 行.
NOTIC: [8] Undefined variable: sort E:\Studio\PHPApplication\ehview\App\Admin\Controller\CommonController.class.php 第 187 行.
SQL: SELECT COUNT(*) AS tp_count FROM `eh_video` LIMIT 1   [ RunTime:0.000265s ]
NOTIC: [8] Undefined variable: listRows E:\Studio\PHPApplication\ehview\App\Admin\Controller\CommonController.class.php 第 198 行.
NOTIC: [8] Undefined index: pageNum E:\Studio\PHPApplication\ehview\App\Admin\Controller\CommonController.class.php 第 204 行.
SQL: SELECT * FROM `eh_video` ORDER BY `id` desc LIMIT 0,10   [ RunTime:0.000657s ]
NOTIC: [2] Division by zero E:\Studio\PHPApplication\ehview\ThinkPHP\Library\Think\Page.class.php 第 84 行.
INFO: [ view_parse ] --START--
INFO: [ template_filter ] --START--
INFO: Run Behavior\ContentReplaceBehavior [ RunTime:0.000085s ]
INFO: [ template_filter ] --END-- [ RunTime:0.000177s ]
NOTIC: [8] Undefined index: orderField E:\Studio\PHPApplication\ehview\Runtime\App\Cache\Admin\cad09421e9f8c81d11665085e88a1d4e.php 第 5 行.
NOTIC: [8] Undefined index: orderDirection E:\Studio\PHPApplication\ehview\Runtime\App\Cache\Admin\cad09421e9f8c81d11665085e88a1d4e.php 第 6 行.
INFO: Run Behavior\ParseTemplateBehavior [ RunTime:0.056688s ]
INFO: [ view_parse ] --END-- [ RunTime:0.056798s ]
INFO: [ view_filter ] --START--
INFO: Run Behavior\WriteHtmlCacheBehavior [ RunTime:0.000967s ]
INFO: [ view_filter ] --END-- [ RunTime:0.001128s ]
INFO: [ app_end ] --START--
INFO: Run Behavior\ShowPageTraceBehavior [ RunTime:0.000844s ]
INFO: [ app_end ] --END-- [ RunTime:0.000936s ]

[ 2017-05-01T17:18:07+08:00 ] 192.168.1.102 /ehview/index.php?m=Admin&c=Article&a=index&_=1493630285121
INFO: [ app_init ] --START--
INFO: Run Behavior\BuildLiteBehavior [ RunTime:0.000021s ]
INFO: Run Common\Behavior\InitHookBehavior [ RunTime:0.002041s ]
INFO: [ app_init ] --END-- [ RunTime:0.002639s ]
INFO: [ app_begin ] --START--
INFO: Run Behavior\ReadHtmlCacheBehavior [ RunTime:0.000541s ]
INFO: [ app_begin ] --END-- [ RunTime:0.000636s ]
SQL: SHOW COLUMNS FROM `eh_article` [ RunTime:0.000824s ]
NOTIC: [8] Undefined variable: order E:\Studio\PHPApplication\ehview\App\Admin\Controller\CommonController.class.php 第 177 行.
NOTIC: [8] Undefined variable: sort E:\Studio\PHPApplication\ehview\App\Admin\Controller\CommonController.class.php 第 187 行.
SQL: SELECT COUNT(*) AS tp_count FROM `eh_article` LIMIT 1   [ RunTime:0.000269s ]
NOTIC: [8] Undefined variable: listRows E:\Studio\PHPApplication\ehview\App\Admin\Controller\CommonController.class.php 第 198 行.
NOTIC: [8] Undefined index: pageNum E:\Studio\PHPApplication\ehview\App\Admin\Controller\CommonController.class.php 第 204 行.
SQL: SELECT * FROM `eh_article` ORDER BY `id` desc LIMIT 0,10   [ RunTime:0.001418s ]
NOTIC: [2] Division by zero E:\Studio\PHPApplication\ehview\ThinkPHP\Library\Think\Page.class.php 第 84 行.
INFO: [ view_parse ] --START--
INFO: [ template_filter ] --START--
INFO: Run Behavior\ContentReplaceBehavior [ RunTime:0.000088s ]
INFO: [ template_filter ] --END-- [ RunTime:0.000190s ]
NOTIC: [8] Undefined index: orderField E:\Studio\PHPApplication\ehview\Runtime\App\Cache\Admin\ac492b5605bffa8cac27c5e0dc599b32.php 第 5 行.
NOTIC: [8] Undefined index: orderDirection E:\Studio\PHPApplication\ehview\Runtime\App\Cache\Admin\ac492b5605bffa8cac27c5e0dc599b32.php 第 6 行.
INFO: Run Behavior\ParseTemplateBehavior [ RunTime:0.053624s ]
INFO: [ view_parse ] --END-- [ RunTime:0.053743s ]
INFO: [ view_filter ] --START--
INFO: Run Behavior\WriteHtmlCacheBehavior [ RunTime:0.000518s ]
INFO: [ view_filter ] --END-- [ RunTime:0.000585s ]
INFO: [ app_end ] --START--
INFO: Run Behavior\ShowPageTraceBehavior [ RunTime:0.000696s ]
INFO: [ app_end ] --END-- [ RunTime:0.000766s ]

[ 2017-05-01T17:18:31+08:00 ] 192.168.1.102 /ehview/
INFO: [ app_init ] --START--
INFO: Run Behavior\BuildLiteBehavior [ RunTime:0.000030s ]
INFO: Run Common\Behavior\InitHookBehavior [ RunTime:0.001712s ]
INFO: [ app_init ] --END-- [ RunTime:0.002332s ]

[ 2017-05-01T17:18:33+08:00 ] 192.168.1.102 /ehview/index.php?m=Home&c=About&a=index
INFO: [ app_init ] --START--
INFO: Run Behavior\BuildLiteBehavior [ RunTime:0.000037s ]
INFO: Run Common\Behavior\InitHookBehavior [ RunTime:0.002614s ]
INFO: [ app_init ] --END-- [ RunTime:0.003336s ]

[ 2017-05-01T17:18:38+08:00 ] 192.168.1.102 /ehview/index.php?m=Home&c=Article&a=index
INFO: [ app_init ] --START--
INFO: Run Behavior\BuildLiteBehavior [ RunTime:0.000019s ]
INFO: Run Common\Behavior\InitHookBehavior [ RunTime:0.001651s ]
INFO: [ app_init ] --END-- [ RunTime:0.002067s ]

[ 2017-05-01T17:18:48+08:00 ] 192.168.1.102 /ehview/index.php
INFO: [ app_init ] --START--
INFO: Run Behavior\BuildLiteBehavior [ RunTime:0.000020s ]
INFO: Run Common\Behavior\InitHookBehavior [ RunTime:0.001861s ]
INFO: [ app_init ] --END-- [ RunTime:0.002323s ]

[ 2017-05-01T17:18:50+08:00 ] 192.168.1.102 /ehview/index.php?m=Home&c=Video&a=index
INFO: [ app_init ] --START--
INFO: Run Behavior\BuildLiteBehavior [ RunTime:0.000024s ]
INFO: Run Common\Behavior\InitHookBehavior [ RunTime:0.001816s ]
INFO: [ app_init ] --END-- [ RunTime:0.002301s ]

[ 2017-05-01T17:18:57+08:00 ] 192.168.1.102 /ehview/index.php?m=Home&c=Contact&a=index
INFO: [ app_init ] --START--
INFO: Run Behavior\BuildLiteBehavior [ RunTime:0.000039s ]
INFO: Run Common\Behavior\InitHookBehavior [ RunTime:0.003925s ]
INFO: [ app_init ] --END-- [ RunTime:0.004666s ]

[ 2017-05-01T17:19:11+08:00 ] 192.168.1.102 /ehview/
INFO: [ app_init ] --START--
INFO: Run Behavior\BuildLiteBehavior [ RunTime:0.000019s ]
INFO: Run Common\Behavior\InitHookBehavior [ RunTime:0.001821s ]
INFO: [ app_init ] --END-- [ RunTime:0.002240s ]

