[ 2017-05-06T13:13:43+08:00 ] ::1 /ehview/
INFO: [ app_init ] --START--
INFO: Run Behavior\BuildLiteBehavior [ RunTime:0.000032s ]
INFO: Run Common\Behavior\InitHookBehavior [ RunTime:0.013446s ]
INFO: [ app_init ] --END-- [ RunTime:0.015766s ]

[ 2017-05-06T13:14:12+08:00 ] ::1 /ehview/
INFO: [ app_init ] --START--
INFO: Run Behavior\BuildLiteBehavior [ RunTime:0.000026s ]
INFO: Run Common\Behavior\InitHookBehavior [ RunTime:0.002602s ]
INFO: [ app_init ] --END-- [ RunTime:0.003166s ]

[ 2017-05-06T13:16:33+08:00 ] ::1 /ehview/
INFO: [ app_init ] --START--
INFO: Run Behavior\BuildLiteBehavior [ RunTime:0.000040s ]
INFO: Run Common\Behavior\InitHookBehavior [ RunTime:0.003751s ]
INFO: [ app_init ] --END-- [ RunTime:0.004620s ]

[ 2017-05-06T13:16:37+08:00 ] ::1 /ehview/
INFO: [ app_init ] --START--
INFO: Run Behavior\BuildLiteBehavior [ RunTime:0.000029s ]
INFO: Run Common\Behavior\InitHookBehavior [ RunTime:0.002557s ]
INFO: [ app_init ] --END-- [ RunTime:0.003219s ]

[ 2017-05-06T13:16:38+08:00 ] ::1 /ehview/
INFO: [ app_init ] --START--
INFO: Run Behavior\BuildLiteBehavior [ RunTime:0.000029s ]
INFO: Run Common\Behavior\InitHookBehavior [ RunTime:0.002533s ]
INFO: [ app_init ] --END-- [ RunTime:0.003198s ]

[ 2017-05-06T13:16:39+08:00 ] ::1 /ehview/
INFO: [ app_init ] --START--
INFO: Run Behavior\BuildLiteBehavior [ RunTime:0.000019s ]
INFO: Run Common\Behavior\InitHookBehavior [ RunTime:0.001676s ]
INFO: [ app_init ] --END-- [ RunTime:0.002116s ]

[ 2017-05-06T13:16:42+08:00 ] ::1 /ehview/
INFO: [ app_init ] --START--
INFO: Run Behavior\BuildLiteBehavior [ RunTime:0.000019s ]
INFO: Run Common\Behavior\InitHookBehavior [ RunTime:0.001683s ]
INFO: [ app_init ] --END-- [ RunTime:0.002117s ]

[ 2017-05-06T13:20:01+08:00 ] ::1 /ehview/
INFO: [ app_init ] --START--
INFO: Run Behavior\BuildLiteBehavior [ RunTime:0.000018s ]
INFO: Run Common\Behavior\InitHookBehavior [ RunTime:0.002516s ]
INFO: [ app_init ] --END-- [ RunTime:0.003187s ]

[ 2017-05-06T13:20:03+08:00 ] ::1 /ehview/
INFO: [ app_init ] --START--
INFO: Run Behavior\BuildLiteBehavior [ RunTime:0.000028s ]
INFO: Run Common\Behavior\InitHookBehavior [ RunTime:0.001710s ]
INFO: [ app_init ] --END-- [ RunTime:0.002348s ]

[ 2017-05-06T13:20:31+08:00 ] ::1 /ehview/
INFO: [ app_init ] --START--
INFO: Run Behavior\BuildLiteBehavior [ RunTime:0.000021s ]
INFO: Run Common\Behavior\InitHookBehavior [ RunTime:0.002536s ]
INFO: [ app_init ] --END-- [ RunTime:0.003064s ]

[ 2017-05-06T13:21:13+08:00 ] ::1 /ehview/
INFO: [ app_init ] --START--
INFO: Run Behavior\BuildLiteBehavior [ RunTime:0.000020s ]
INFO: Run Common\Behavior\InitHookBehavior [ RunTime:0.001771s ]
INFO: [ app_init ] --END-- [ RunTime:0.002225s ]

[ 2017-05-06T13:22:01+08:00 ] ::1 /ehview/
INFO: [ app_init ] --START--
INFO: Run Behavior\BuildLiteBehavior [ RunTime:0.000020s ]
INFO: Run Common\Behavior\InitHookBehavior [ RunTime:0.001646s ]
INFO: [ app_init ] --END-- [ RunTime:0.002084s ]

[ 2017-05-06T13:34:18+08:00 ] ::1 /ehview/
INFO: [ app_init ] --START--
INFO: Run Behavior\BuildLiteBehavior [ RunTime:0.000023s ]
INFO: Run Common\Behavior\InitHookBehavior [ RunTime:0.002350s ]
INFO: [ app_init ] --END-- [ RunTime:0.002885s ]

[ 2017-05-06T13:34:57+08:00 ] ::1 /ehview/
INFO: [ app_init ] --START--
INFO: Run Behavior\BuildLiteBehavior [ RunTime:0.000021s ]
INFO: Run Common\Behavior\InitHookBehavior [ RunTime:0.002510s ]
INFO: [ app_init ] --END-- [ RunTime:0.003059s ]

[ 2017-05-06T13:36:06+08:00 ] ::1 /ehview/index.php?m=Home&c=About&a=index
INFO: [ app_init ] --START--
INFO: Run Behavior\BuildLiteBehavior [ RunTime:0.000020s ]
INFO: Run Common\Behavior\InitHookBehavior [ RunTime:0.002449s ]
INFO: [ app_init ] --END-- [ RunTime:0.002973s ]

[ 2017-05-06T13:36:10+08:00 ] ::1 /ehview/index.php?m=Home&c=Article&a=index
INFO: [ app_init ] --START--
INFO: Run Behavior\BuildLiteBehavior [ RunTime:0.000019s ]
INFO: Run Common\Behavior\InitHookBehavior [ RunTime:0.001688s ]
INFO: [ app_init ] --END-- [ RunTime:0.002128s ]

[ 2017-05-06T13:36:12+08:00 ] ::1 /ehview/index.php?m=Home&c=Contact&a=index
INFO: [ app_init ] --START--
INFO: Run Behavior\BuildLiteBehavior [ RunTime:0.000019s ]
INFO: Run Common\Behavior\InitHookBehavior [ RunTime:0.001680s ]
INFO: [ app_init ] --END-- [ RunTime:0.002117s ]

[ 2017-05-06T13:36:17+08:00 ] ::1 /ehview/index.php?m=Home&c=Video&a=index
INFO: [ app_init ] --START--
INFO: Run Behavior\BuildLiteBehavior [ RunTime:0.000019s ]
INFO: Run Common\Behavior\InitHookBehavior [ RunTime:0.001653s ]
INFO: [ app_init ] --END-- [ RunTime:0.002090s ]

[ 2017-05-06T13:36:24+08:00 ] ::1 /ehview/index.php?m=Home&c=Video&a=video&id=2
INFO: [ app_init ] --START--
INFO: Run Behavior\BuildLiteBehavior [ RunTime:0.000020s ]
INFO: Run Common\Behavior\InitHookBehavior [ RunTime:0.002364s ]
INFO: [ app_init ] --END-- [ RunTime:0.002873s ]

[ 2017-05-06T13:36:39+08:00 ] ::1 /ehview/index.php?m=Home&c=Article&a=index
INFO: [ app_init ] --START--
INFO: Run Behavior\BuildLiteBehavior [ RunTime:0.000019s ]
INFO: Run Common\Behavior\InitHookBehavior [ RunTime:0.001692s ]
INFO: [ app_init ] --END-- [ RunTime:0.002133s ]

[ 2017-05-06T13:36:42+08:00 ] ::1 /ehview/index.php?m=Home&c=Video&a=index
INFO: [ app_init ] --START--
INFO: Run Behavior\BuildLiteBehavior [ RunTime:0.000019s ]
INFO: Run Common\Behavior\InitHookBehavior [ RunTime:0.001681s ]
INFO: [ app_init ] --END-- [ RunTime:0.002123s ]

[ 2017-05-06T13:36:54+08:00 ] ::1 /ehview/index.php?m=Home&c=Video&a=video&id=9
INFO: [ app_init ] --START--
INFO: Run Behavior\BuildLiteBehavior [ RunTime:0.000020s ]
INFO: Run Common\Behavior\InitHookBehavior [ RunTime:0.001685s ]
INFO: [ app_init ] --END-- [ RunTime:0.002129s ]

[ 2017-05-06T13:37:02+08:00 ] ::1 /ehview/index.php?m=Home&c=Contact&a=index
INFO: [ app_init ] --START--
INFO: Run Behavior\BuildLiteBehavior [ RunTime:0.000020s ]
INFO: Run Common\Behavior\InitHookBehavior [ RunTime:0.001633s ]
INFO: [ app_init ] --END-- [ RunTime:0.002057s ]

[ 2017-05-06T13:37:05+08:00 ] ::1 /ehview/index.php?m=Home&c=Video&a=index
INFO: [ app_init ] --START--
INFO: Run Behavior\BuildLiteBehavior [ RunTime:0.000020s ]
INFO: Run Common\Behavior\InitHookBehavior [ RunTime:0.001684s ]
INFO: [ app_init ] --END-- [ RunTime:0.002125s ]

[ 2017-05-06T13:37:07+08:00 ] ::1 /ehview/index.php?m=Home&c=Article&a=index
INFO: [ app_init ] --START--
INFO: Run Behavior\BuildLiteBehavior [ RunTime:0.000019s ]
INFO: Run Common\Behavior\InitHookBehavior [ RunTime:0.001683s ]
INFO: [ app_init ] --END-- [ RunTime:0.002121s ]

[ 2017-05-06T13:37:22+08:00 ] ::1 /ehview/index.php?m=Home&c=Article&a=article&id=4
INFO: [ app_init ] --START--
INFO: Run Behavior\BuildLiteBehavior [ RunTime:0.000019s ]
INFO: Run Common\Behavior\InitHookBehavior [ RunTime:0.001695s ]
INFO: [ app_init ] --END-- [ RunTime:0.002103s ]

[ 2017-05-06T13:38:45+08:00 ] 192.168.1.105 /ehview/
INFO: [ app_init ] --START--
INFO: Run Behavior\BuildLiteBehavior [ RunTime:0.000029s ]
INFO: Run Common\Behavior\InitHookBehavior [ RunTime:0.003390s ]
INFO: [ app_init ] --END-- [ RunTime:0.004129s ]

[ 2017-05-06T13:39:07+08:00 ] 192.168.1.105 /ehview/
INFO: [ app_init ] --START--
INFO: Run Behavior\BuildLiteBehavior [ RunTime:0.000027s ]
INFO: Run Common\Behavior\InitHookBehavior [ RunTime:0.002026s ]
INFO: [ app_init ] --END-- [ RunTime:0.002662s ]

[ 2017-05-06T13:39:20+08:00 ] 192.168.1.105 /ehview/index.php?m=Home&c=Video&a=index
INFO: [ app_init ] --START--
INFO: Run Behavior\BuildLiteBehavior [ RunTime:0.000021s ]
INFO: Run Common\Behavior\InitHookBehavior [ RunTime:0.001550s ]
INFO: [ app_init ] --END-- [ RunTime:0.002269s ]

[ 2017-05-06T13:39:22+08:00 ] 192.168.1.105 /ehview/index.php?m=Home&c=Video&a=video&id=1
INFO: [ app_init ] --START--
INFO: Run Behavior\BuildLiteBehavior [ RunTime:0.000028s ]
INFO: Run Common\Behavior\InitHookBehavior [ RunTime:0.002575s ]
INFO: [ app_init ] --END-- [ RunTime:0.003245s ]

[ 2017-05-06T13:39:33+08:00 ] 192.168.1.105 /ehview/index.php?m=Home&c=Article&a=index
INFO: [ app_init ] --START--
INFO: Run Behavior\BuildLiteBehavior [ RunTime:0.000019s ]
INFO: Run Common\Behavior\InitHookBehavior [ RunTime:0.002213s ]
INFO: [ app_init ] --END-- [ RunTime:0.002692s ]

[ 2017-05-06T13:39:40+08:00 ] 192.168.1.105 /ehview/index.php?m=Home&c=Article&a=article&id=4
INFO: [ app_init ] --START--
INFO: Run Behavior\BuildLiteBehavior [ RunTime:0.000028s ]
INFO: Run Common\Behavior\InitHookBehavior [ RunTime:0.002521s ]
INFO: [ app_init ] --END-- [ RunTime:0.003182s ]

[ 2017-05-06T13:40:08+08:00 ] 192.168.1.105 /ehview/index.php?m=Home&c=Article&a=article&id=7
INFO: [ app_init ] --START--
INFO: Run Behavior\BuildLiteBehavior [ RunTime:0.000028s ]
INFO: Run Common\Behavior\InitHookBehavior [ RunTime:0.003695s ]
INFO: [ app_init ] --END-- [ RunTime:0.004514s ]

[ 2017-05-06T13:41:27+08:00 ] 192.168.1.105 /ehview/index.php?m=Home&c=Article&a=article&id=4
INFO: [ app_init ] --START--
INFO: Run Behavior\BuildLiteBehavior [ RunTime:0.000017s ]
INFO: Run Common\Behavior\InitHookBehavior [ RunTime:0.002141s ]
INFO: [ app_init ] --END-- [ RunTime:0.002592s ]

[ 2017-05-06T13:41:51+08:00 ] 192.168.1.105 /ehview/index.php?m=Home&c=Contact&a=index
INFO: [ app_init ] --START--
INFO: Run Behavior\BuildLiteBehavior [ RunTime:0.000028s ]
INFO: Run Common\Behavior\InitHookBehavior [ RunTime:0.002539s ]
INFO: [ app_init ] --END-- [ RunTime:0.003203s ]

[ 2017-05-06T13:42:04+08:00 ] 192.168.1.105 /ehview/index.php?m=Home&c=About&a=index
INFO: [ app_init ] --START--
INFO: Run Behavior\BuildLiteBehavior [ RunTime:0.000017s ]
INFO: Run Common\Behavior\InitHookBehavior [ RunTime:0.001610s ]
INFO: [ app_init ] --END-- [ RunTime:0.002009s ]

[ 2017-05-06T13:42:36+08:00 ] 192.168.1.105 /ehview/index.php
INFO: [ app_init ] --START--
INFO: Run Behavior\BuildLiteBehavior [ RunTime:0.000017s ]
INFO: Run Common\Behavior\InitHookBehavior [ RunTime:0.001569s ]
INFO: [ app_init ] --END-- [ RunTime:0.001997s ]

[ 2017-05-06T13:42:51+08:00 ] 192.168.1.105 /ehview/index.php?m=Home&c=About&a=index
INFO: [ app_init ] --START--
INFO: Run Behavior\BuildLiteBehavior [ RunTime:0.000030s ]
INFO: Run Common\Behavior\InitHookBehavior [ RunTime:0.002580s ]
INFO: [ app_init ] --END-- [ RunTime:0.003246s ]

[ 2017-05-06T13:42:56+08:00 ] 192.168.1.105 /ehview/index.php?m=Home&c=Article&a=index
INFO: [ app_init ] --START--
INFO: Run Behavior\BuildLiteBehavior [ RunTime:0.000018s ]
INFO: Run Common\Behavior\InitHookBehavior [ RunTime:0.001605s ]
INFO: [ app_init ] --END-- [ RunTime:0.002018s ]

[ 2017-05-06T13:43:03+08:00 ] 192.168.1.105 /ehview/index.php?m=Home&c=Article&a=article&id=7
INFO: [ app_init ] --START--
INFO: Run Behavior\BuildLiteBehavior [ RunTime:0.000029s ]
INFO: Run Common\Behavior\InitHookBehavior [ RunTime:0.002553s ]
INFO: [ app_init ] --END-- [ RunTime:0.003195s ]

